<?xml version="1.0" encoding="UTF-8"?>
<!-- Generated by org.testng.reporters.JUnitReportReporter -->
<testsuite hostname="saumilS" failures="0" tests="1" name="qaclickacademy.SeleniumTest" time="0.021" errors="0" timestamp="29 Sep 2020 14:16:22 GMT" skipped="0">
  <testcase classname="qaclickacademy.SeleniumTest" name="Browser" time="0.021"/>
</testsuite> <!-- qaclickacademy.SeleniumTest -->
