<?xml version="1.0" encoding="UTF-8"?>
<!-- Generated by org.testng.reporters.JUnitReportReporter -->
<testsuite hostname="saumilS" failures="0" tests="1" name="qaclickacademy.ApiTest" time="0.001" errors="0" timestamp="29 Sep 2020 14:09:27 GMT" skipped="0">
  <testcase classname="qaclickacademy.ApiTest" name="Api" time="0.001"/>
</testsuite> <!-- qaclickacademy.ApiTest -->
